15:32:13 **** Incremental Build of configuration Debug for project ASS 5 ****
make all 
Building file: ../Methods.cpp
Invoking: GCC C++ Compiler
g++ -O0 -g3 -Wall -c -fmessage-length=0 -MMD -MP -MF"Methods.d" -MT"Methods.o" -o "Methods.o" "../Methods.cpp"
../Methods.cpp:332:7: warning: unused variable 'i' [-Wunused-variable]
        int             i;
                        ^
1 warning generated.
Finished building: ../Methods.cpp
 
Building file: ../PrintHeader.cpp
Invoking: GCC C++ Compiler
g++ -O0 -g3 -Wall -c -fmessage-length=0 -MMD -MP -MF"PrintHeader.d" -MT"PrintHeader.o" -o "PrintHeader.o" "../PrintHeader.cpp"
../PrintHeader.cpp:9:10: warning: non-portable path to file '"MyHeader.h"'; specified path differs in case from file name on disk [-Wnonportable-include-path]
#include "myHeader.h"
         ^~~~~~~~~~~~
         "MyHeader.h"
1 warning generated.
Finished building: ../PrintHeader.cpp
 
Building file: ../main.cpp
Invoking: GCC C++ Compiler
g++ -O0 -g3 -Wall -c -fmessage-length=0 -MMD -MP -MF"main.d" -MT"main.o" -o "main.o" "../main.cpp"
Finished building: ../main.cpp
 
Building target: ASS 5
Invoking: MacOS X C++ Linker
g++  -o "ASS 5"  ./Methods.o ./PrintHeader.o ./main.o   
Finished building target: ASS 5
 

15:32:15 Build Finished. 0 errors, 2 warnings. (took 1s.172ms)

