Start with 0.0 points.
=================================
Simple input pass
Passed Tests/simple-input.txt

=============================================
Score is now
2.0
Simple input pass
Passed Tests/double-input.txt

=============================================
Score is now
4.0
Small set of "a" words input pass
Passed Tests/onlya-words-input.txt

=============================================
Score is now
5.0
Solution has passed all tests. The ordeal is over, you can take a breath now.
Final score
5
